<?xml version="1.0" encoding="UTF-8"?>
<!-- Generated by org.testng.reporters.JUnitReportReporter -->
<testsuite hostname="DESKTOP-7IL8GUR" failures="0" tests="1" name="com.tests.Hometest" time="12.714" errors="0" timestamp="2025-03-27T05:02:08 IST" skipped="0">
  <testcase classname="com.tests.Hometest" name="verifyHomePageText" time="12.714"/>
</testsuite> <!-- com.tests.Hometest -->
