<?xml version="1.0" encoding="UTF-8"?>
<!-- Generated by org.testng.reporters.JUnitReportReporter -->
<testsuite hostname="DESKTOP-7IL8GUR" failures="0" tests="1" name="com.tests.Hometest" time="16.435" errors="0" timestamp="2025-03-27T06:26:56 IST" skipped="0">
  <testcase classname="com.tests.Hometest" name="verifyHomePageText" time="16.435"/>
</testsuite> <!-- com.tests.Hometest -->
