<?xml version="1.0" encoding="UTF-8"?>
<!-- Generated by org.testng.reporters.JUnitReportReporter -->
<testsuite hostname="DESKTOP-7IL8GUR" failures="0" tests="4" name="com.tests.Registertest" time="70.526" errors="0" timestamp="2025-03-27T05:02:08 IST" skipped="0">
  <testcase classname="com.tests.Registertest" name="register" time="14.933"/>
  <testcase classname="com.tests.Registertest" name="register" time="17.619"/>
  <testcase classname="com.tests.Registertest" name="register" time="19.978"/>
  <testcase classname="com.tests.Registertest" name="register" time="17.996"/>
</testsuite> <!-- com.tests.Registertest -->
