<?xml version="1.0" encoding="UTF-8"?>
<!-- Generated by org.testng.reporters.JUnitReportReporter -->
<testsuite hostname="DESKTOP-7IL8GUR" failures="0" tests="4" name="com.tests.Registertest" time="84.180" errors="0" timestamp="2025-03-27T05:15:56 IST" skipped="0">
  <testcase classname="com.tests.Registertest" name="register" time="16.370"/>
  <testcase classname="com.tests.Registertest" name="register" time="17.748"/>
  <testcase classname="com.tests.Registertest" name="register" time="36.618"/>
  <testcase classname="com.tests.Registertest" name="register" time="13.444"/>
</testsuite> <!-- com.tests.Registertest -->
