<?xml version="1.0" encoding="UTF-8"?>
<!-- Generated by org.testng.reporters.JUnitReportReporter -->
<testsuite hostname="DESKTOP-7IL8GUR" failures="0" tests="4" name="com.tests.Registertest" time="64.148" errors="0" timestamp="2025-03-26T20:49:50 IST" skipped="0">
  <testcase classname="com.tests.Registertest" name="register" time="19.058"/>
  <testcase classname="com.tests.Registertest" name="register" time="13.395"/>
  <testcase classname="com.tests.Registertest" name="register" time="16.765"/>
  <testcase classname="com.tests.Registertest" name="register" time="14.930"/>
</testsuite> <!-- com.tests.Registertest -->
